<?xml version="1.0" encoding="UTF-8"?>
<testsuite xmlns:xsi="http://www.w3.org/2001/XMLSchema-instance" xsi:noNamespaceSchemaLocation="https://maven.apache.org/surefire/maven-surefire-plugin/xsd/surefire-test-report.xsd" name="org.margomalanuha.spring.labs.repository.ProductRepositoryTest" time="0.211" tests="3" errors="0" skipped="0" failures="2">
  <properties>
    <property name="sun.desktop" value="windows"/>
    <property name="awt.toolkit" value="sun.awt.windows.WToolkit"/>
    <property name="java.specification.version" value="11"/>
    <property name="sun.cpu.isalist" value="amd64"/>
    <property name="sun.jnu.encoding" value="Cp1251"/>
    <property name="java.class.path" value="D:\IdeaProjects\JavaLab\target\test-classes;D:\IdeaProjects\JavaLab\target\classes;C:\Users\Администратор\.m2\repository\junit\junit\4.12\junit-4.12.jar;C:\Users\Администратор\.m2\repository\org\hamcrest\hamcrest-core\1.3\hamcrest-core-1.3.jar;C:\Users\Администратор\.m2\repository\org\springframework\spring-core\5.3.4\spring-core-5.3.4.jar;C:\Users\Администратор\.m2\repository\org\springframework\spring-jcl\5.3.4\spring-jcl-5.3.4.jar;C:\Users\Администратор\.m2\repository\org\springframework\spring-beans\5.3.4\spring-beans-5.3.4.jar;C:\Users\Администратор\.m2\repository\org\springframework\spring-context\5.3.4\spring-context-5.3.4.jar;C:\Users\Администратор\.m2\repository\org\springframework\spring-aop\5.3.4\spring-aop-5.3.4.jar;C:\Users\Администратор\.m2\repository\org\springframework\spring-expression\5.3.4\spring-expression-5.3.4.jar;C:\Users\Администратор\.m2\repository\org\projectlombok\lombok\1.18.18\lombok-1.18.18.jar;C:\Users\Администратор\.m2\repository\org\springframework\spring-jdbc\5.3.4\spring-jdbc-5.3.4.jar;C:\Users\Администратор\.m2\repository\org\springframework\spring-tx\5.3.4\spring-tx-5.3.4.jar;C:\Users\Администратор\.m2\repository\org\springframework\spring-webmvc\5.3.4\spring-webmvc-5.3.4.jar;C:\Users\Администратор\.m2\repository\org\springframework\spring-web\5.3.4\spring-web-5.3.4.jar;C:\Users\Администратор\.m2\repository\org\apache\tomcat\tomcat-jasper\9.0.12\tomcat-jasper-9.0.12.jar;C:\Users\Администратор\.m2\repository\org\apache\tomcat\tomcat-servlet-api\9.0.12\tomcat-servlet-api-9.0.12.jar;C:\Users\Администратор\.m2\repository\org\apache\tomcat\tomcat-juli\9.0.12\tomcat-juli-9.0.12.jar;C:\Users\Администратор\.m2\repository\org\apache\tomcat\tomcat-jsp-api\9.0.12\tomcat-jsp-api-9.0.12.jar;C:\Users\Администратор\.m2\repository\org\apache\tomcat\tomcat-el-api\9.0.12\tomcat-el-api-9.0.12.jar;C:\Users\Администратор\.m2\repository\org\eclipse\jdt\ecj\3.13.102\ecj-3.13.102.jar;C:\Users\Администратор\.m2\repository\org\apache\tomcat\tomcat-jasper-el\9.0.12\tomcat-jasper-el-9.0.12.jar;C:\Users\Администратор\.m2\repository\org\apache\tomcat\tomcat-api\9.0.12\tomcat-api-9.0.12.jar;C:\Users\Администратор\.m2\repository\org\apache\tomcat\tomcat-util-scan\9.0.12\tomcat-util-scan-9.0.12.jar;C:\Users\Администратор\.m2\repository\org\apache\tomcat\tomcat-util\9.0.12\tomcat-util-9.0.12.jar;C:\Users\Администратор\.m2\repository\javax\servlet\servlet-api\3.0-alpha-1\servlet-api-3.0-alpha-1.jar;C:\Users\Администратор\.m2\repository\javax\servlet\jstl\1.2\jstl-1.2.jar;C:\Users\Администратор\.m2\repository\mysql\mysql-connector-java\8.0.23\mysql-connector-java-8.0.23.jar;C:\Users\Администратор\.m2\repository\com\google\protobuf\protobuf-java\3.11.4\protobuf-java-3.11.4.jar;"/>
    <property name="java.vm.vendor" value="Oracle Corporation"/>
    <property name="sun.arch.data.model" value="64"/>
    <property name="user.variant" value=""/>
    <property name="java.vendor.url" value="https://openjdk.java.net/"/>
    <property name="user.timezone" value="Europe/Moscow"/>
    <property name="java.vm.specification.version" value="11"/>
    <property name="os.name" value="Windows 10"/>
    <property name="sun.java.launcher" value="SUN_STANDARD"/>
    <property name="user.country" value="GB"/>
    <property name="sun.boot.library.path" value="C:\Program Files\Java\jdk-11.0.9\bin"/>
    <property name="sun.java.command" value="C:\Users\836D~1\AppData\Local\Temp\surefire12022456339674245718\surefirebooter5323589749111263557.jar C:\Users\Администратор\AppData\Local\Temp\surefire12022456339674245718 2021-03-24T15-02-20_706-jvmRun1 surefire8437338777421324574tmp surefire_014409431949778032135tmp"/>
    <property name="jdk.debug" value="release"/>
    <property name="surefire.test.class.path" value="D:\IdeaProjects\JavaLab\target\test-classes;D:\IdeaProjects\JavaLab\target\classes;C:\Users\Администратор\.m2\repository\junit\junit\4.12\junit-4.12.jar;C:\Users\Администратор\.m2\repository\org\hamcrest\hamcrest-core\1.3\hamcrest-core-1.3.jar;C:\Users\Администратор\.m2\repository\org\springframework\spring-core\5.3.4\spring-core-5.3.4.jar;C:\Users\Администратор\.m2\repository\org\springframework\spring-jcl\5.3.4\spring-jcl-5.3.4.jar;C:\Users\Администратор\.m2\repository\org\springframework\spring-beans\5.3.4\spring-beans-5.3.4.jar;C:\Users\Администратор\.m2\repository\org\springframework\spring-context\5.3.4\spring-context-5.3.4.jar;C:\Users\Администратор\.m2\repository\org\springframework\spring-aop\5.3.4\spring-aop-5.3.4.jar;C:\Users\Администратор\.m2\repository\org\springframework\spring-expression\5.3.4\spring-expression-5.3.4.jar;C:\Users\Администратор\.m2\repository\org\projectlombok\lombok\1.18.18\lombok-1.18.18.jar;C:\Users\Администратор\.m2\repository\org\springframework\spring-jdbc\5.3.4\spring-jdbc-5.3.4.jar;C:\Users\Администратор\.m2\repository\org\springframework\spring-tx\5.3.4\spring-tx-5.3.4.jar;C:\Users\Администратор\.m2\repository\org\springframework\spring-webmvc\5.3.4\spring-webmvc-5.3.4.jar;C:\Users\Администратор\.m2\repository\org\springframework\spring-web\5.3.4\spring-web-5.3.4.jar;C:\Users\Администратор\.m2\repository\org\apache\tomcat\tomcat-jasper\9.0.12\tomcat-jasper-9.0.12.jar;C:\Users\Администратор\.m2\repository\org\apache\tomcat\tomcat-servlet-api\9.0.12\tomcat-servlet-api-9.0.12.jar;C:\Users\Администратор\.m2\repository\org\apache\tomcat\tomcat-juli\9.0.12\tomcat-juli-9.0.12.jar;C:\Users\Администратор\.m2\repository\org\apache\tomcat\tomcat-jsp-api\9.0.12\tomcat-jsp-api-9.0.12.jar;C:\Users\Администратор\.m2\repository\org\apache\tomcat\tomcat-el-api\9.0.12\tomcat-el-api-9.0.12.jar;C:\Users\Администратор\.m2\repository\org\eclipse\jdt\ecj\3.13.102\ecj-3.13.102.jar;C:\Users\Администратор\.m2\repository\org\apache\tomcat\tomcat-jasper-el\9.0.12\tomcat-jasper-el-9.0.12.jar;C:\Users\Администратор\.m2\repository\org\apache\tomcat\tomcat-api\9.0.12\tomcat-api-9.0.12.jar;C:\Users\Администратор\.m2\repository\org\apache\tomcat\tomcat-util-scan\9.0.12\tomcat-util-scan-9.0.12.jar;C:\Users\Администратор\.m2\repository\org\apache\tomcat\tomcat-util\9.0.12\tomcat-util-9.0.12.jar;C:\Users\Администратор\.m2\repository\javax\servlet\servlet-api\3.0-alpha-1\servlet-api-3.0-alpha-1.jar;C:\Users\Администратор\.m2\repository\javax\servlet\jstl\1.2\jstl-1.2.jar;C:\Users\Администратор\.m2\repository\mysql\mysql-connector-java\8.0.23\mysql-connector-java-8.0.23.jar;C:\Users\Администратор\.m2\repository\com\google\protobuf\protobuf-java\3.11.4\protobuf-java-3.11.4.jar;"/>
    <property name="sun.cpu.endian" value="little"/>
    <property name="user.home" value="C:\Users\Администратор"/>
    <property name="user.language" value="en"/>
    <property name="java.specification.vendor" value="Oracle Corporation"/>
    <property name="java.version.date" value="2020-10-20"/>
    <property name="java.home" value="C:\Program Files\Java\jdk-11.0.9"/>
    <property name="file.separator" value="\"/>
    <property name="basedir" value="D:\IdeaProjects\JavaLab"/>
    <property name="java.vm.compressedOopsMode" value="32-bit"/>
    <property name="line.separator" value="&#10;"/>
    <property name="java.specification.name" value="Java Platform API Specification"/>
    <property name="java.vm.specification.vendor" value="Oracle Corporation"/>
    <property name="java.awt.graphicsenv" value="sun.awt.Win32GraphicsEnvironment"/>
    <property name="surefire.real.class.path" value="C:\Users\836D~1\AppData\Local\Temp\surefire12022456339674245718\surefirebooter5323589749111263557.jar"/>
    <property name="user.script" value=""/>
    <property name="sun.management.compiler" value="HotSpot 64-Bit Tiered Compilers"/>
    <property name="java.runtime.version" value="11.0.9+7-LTS"/>
    <property name="user.name" value="Administrator"/>
    <property name="path.separator" value=";"/>
    <property name="os.version" value="10.0"/>
    <property name="java.runtime.name" value="Java(TM) SE Runtime Environment"/>
    <property name="file.encoding" value="Cp1251"/>
    <property name="java.vm.name" value="Java HotSpot(TM) 64-Bit Server VM"/>
    <property name="java.vendor.version" value="18.9"/>
    <property name="localRepository" value="C:\Users\Администратор\.m2\repository"/>
    <property name="java.vendor.url.bug" value="https://bugreport.java.com/bugreport/"/>
    <property name="java.io.tmpdir" value="C:\Users\836D~1\AppData\Local\Temp\"/>
    <property name="idea.version" value="2020.2.3"/>
    <property name="java.version" value="11.0.9"/>
    <property name="user.dir" value="D:\IdeaProjects\JavaLab"/>
    <property name="os.arch" value="amd64"/>
    <property name="java.vm.specification.name" value="Java Virtual Machine Specification"/>
    <property name="java.awt.printerjob" value="sun.awt.windows.WPrinterJob"/>
    <property name="sun.os.patch.level" value=""/>
    <property name="java.library.path" value="C:\Program Files\Java\jdk-11.0.9\bin;C:\WINDOWS\Sun\Java\bin;C:\WINDOWS\system32;C:\WINDOWS;C:\Program Files\Common Files\Oracle\Java\javapath;C:\Program Files (x86)\Common Files\Oracle\Java\javapath;&quot;C:\Program Files (x86)\Common Files\Oracle\Java\javapath;D:\mingw64\bin&quot;;C:\WINDOWS\system32;C:\WINDOWS;C:\WINDOWS\System32\Wbem;C:\WINDOWS\System32\WindowsPowerShell\v1.0\;C:\WINDOWS\System32\OpenSSH\;C:\Bitnami\wampstack-7.3.21-0\php;C:\ProgramData\ComposerSetup\bin;&quot;;C:\Program Files\apache-maven-3.6.3-bin\apache-maven-3.6.3\bin\bin;&quot;;C:\Users\Администратор\AppData\Local\Microsoft\WindowsApps;C:\Program Files\Java\jdk1.8.0_221\bin;C:\Program Files\JetBrains\IntelliJ IDEA 2019.2.3\bin;C:\Program Files\JetBrains\IntelliJ IDEA 2020.2.1\bin;C:\Users\Администратор\AppData\Local\Programs\Microsoft VS Code\bin;C:\Bitnami\wampstack-7.4.6-1\php;C:\Users\Администратор\AppData\Roaming\Composer\vendor\bin;C:\Users\Администратор\AppData\Roaming\npm;C:\Program Files\apache-maven-3.6.3-bin\apache-maven-3.6.3\bin;D:\nodejs\;D:\Program Files\TortoiseHg\;C:\Program Files\dotnet\;D:\Program Files\Symfony;C:\Program Files\Microsoft SQL Server\130\Tools\Binn\;C:\Program Files\Microsoft SQL Server\Client SDK\ODBC\170\Tools\Binn\;C:\Program Files (x86)\dotnet\;C:\Program Files\Git\cmd;C:\Users\Администратор\AppData\Local\Microsoft\WindowsApps;C:\Program Files\Java\jdk-11.0.9;C:\Program Files\JetBrains\IntelliJ IDEA 2019.2.3\bin;C:\Program Files\JetBrains\IntelliJ IDEA 2020.2.1\bin;C:\Program Files\JetBrains\PhpStorm 2020.2.1\bin;C:\Bitnami\wampstack-7.4.6-1\php;C:\Users\Администратор\AppData\Roaming\Composer\vendor\bin;C:\Program Files\JetBrains\PhpStorm 2020.2.1\bin;C:\Users\Администратор\AppData\Local\Programs\Microsoft VS Code\bin;C:\Program Files\JetBrains\IntelliJ IDEA Community Edition 2020.2.3\bin;C:\Program Files\JetBrains\IntelliJ IDEA 2020.2.3\bin;;C:\Users\Администратор\AppData\Roaming\npm;D:\PhpStorm 2020.2.3\bin;;C:\Users\Администратор\.dotnet\tools;;."/>
    <property name="java.vendor" value="Oracle Corporation"/>
    <property name="java.vm.info" value="mixed mode"/>
    <property name="java.vm.version" value="11.0.9+7-LTS"/>
    <property name="sun.io.unicode.encoding" value="UnicodeLittle"/>
    <property name="java.class.version" value="55.0"/>
  </properties>
  <testcase name="update_WhenDataIsCorrect_ShouldUpdateRecord" classname="org.margomalanuha.spring.labs.repository.ProductRepositoryTest" time="0.047">
    <failure message="expected:&lt;27.0&gt; but was:&lt;25.05&gt;" type="java.lang.AssertionError"><![CDATA[java.lang.AssertionError: expected:<27.0> but was:<25.05>
	at org.margomalanuha.spring.labs.repository.ProductRepositoryTest.update_WhenDataIsCorrect_ShouldUpdateRecord(ProductRepositoryTest.java:25)
]]></failure>
  </testcase>
  <testcase name="create_WhenDataIsCorrect_ShouldCreateNewRecord" classname="org.margomalanuha.spring.labs.repository.ProductRepositoryTest" time="0.059"/>
  <testcase name="delete_WhenDataIsCorrect_ShouldDeleteRecord" classname="org.margomalanuha.spring.labs.repository.ProductRepositoryTest" time="0.061">
    <failure message="expected:&lt;21&gt; but was:&lt;22&gt;" type="java.lang.AssertionError"><![CDATA[java.lang.AssertionError: expected:<21> but was:<22>
	at org.margomalanuha.spring.labs.repository.ProductRepositoryTest.delete_WhenDataIsCorrect_ShouldDeleteRecord(ProductRepositoryTest.java:33)
]]></failure>
  </testcase>
</testsuite>